Log file open, 05/20/15 16:19:36
LogInit:Display: Running engine for game: BeachDay
LogInit: Version: 4.7.6-2513093+++depot+UE4-Releases+4.7
LogInit: API Version: 2455222
LogInit: Compiled (64-bit): Apr 15 2015 12:09:54
LogInit: Compiled with Visual C++: 18.00.21005.01
LogInit: Build Configuration: Development
LogInit: Branch Name: ++depot+UE4-Releases+4.7
LogInit: Command line: 
LogInit: Base directory: C:/Program Files/Epic Games/4.7/Engine/Binaries/Win64/
LogInit: Rocket: 1
[2015.05.20-23.19.36:149][  0]LogTaskGraph: Started task graph with 3 named threads and 6 total threads.
[2015.05.20-23.19.36:210][  0]LogOnline:Warning: No default platform service specified for OnlineSubsystem
[2015.05.20-23.19.36:229][  0]LogInit: Presizing for 0 objects not considered by GC, pre-allocating 0 bytes.
[2015.05.20-23.19.36:240][  0]LogInit: Object subsystem initialized
[2015.05.20-23.19.36:242][  0]LogConsoleResponse:Warning: Skipping Unknown console variable: 'TranslucentSortAxis = (X=0.000000,Y=-1.000000,Z=0.000000)'
[2015.05.20-23.19.36:242][  0]LogConsoleResponse:Warning:   Found in ini file 'C:/Users/Carah/Documents/Unreal Projects/BeachDay/Saved/Config/Windows/Engine.ini', in section '[/Script/Engine.RendererSettings]'
[2015.05.20-23.19.36:242][  0]LogConsoleResponse:Warning: Skipping Unknown console variable: 'UIScaleRule = ShortestSide'
[2015.05.20-23.19.36:242][  0]LogConsoleResponse:Warning:   Found in ini file 'C:/Users/Carah/Documents/Unreal Projects/BeachDay/Saved/Config/Windows/Engine.ini', in section '[/Script/Engine.RendererSettings]'
[2015.05.20-23.19.36:242][  0]LogConsoleResponse:Warning: Skipping Unknown console variable: 'UIScaleCurve = (EditorCurveData=(Keys=),ExternalCurve=None)'
[2015.05.20-23.19.36:242][  0]LogConsoleResponse:Warning:   Found in ini file 'C:/Users/Carah/Documents/Unreal Projects/BeachDay/Saved/Config/Windows/Engine.ini', in section '[/Script/Engine.RendererSettings]'
[2015.05.20-23.19.36:243][  0]LogInit: Selected Device Profile: [Windows]
[2015.05.20-23.19.36:243][  0]LogInit: Applying CVar settings loaded from the selected device profile: [Windows]
[2015.05.20-23.19.36:267][  0]LogInit: Computer: CARAHS-LENOVO
[2015.05.20-23.19.36:267][  0]LogInit: User: Carah
[2015.05.20-23.19.36:267][  0]LogInit: CPU Page size=4096, Cores=4
[2015.05.20-23.19.36:267][  0]LogInit: High frequency timer resolution =2.338345 MHz
[2015.05.20-23.19.36:267][  0]LogMemory: Memory total: Physical=7.9GB (8GB approx) Virtual=131072.0GB
[2015.05.20-23.19.36:267][  0]LogMemory: Platform Memory Stats for Windows
[2015.05.20-23.19.36:267][  0]LogMemory: Process Physical Memory: 45.85 MB used, 45.85 MB peak
[2015.05.20-23.19.36:267][  0]LogMemory: Process Virtual Memory: 22.42 MB used, 22.43 MB peak
[2015.05.20-23.19.36:267][  0]LogMemory: Physical Memory: 3108.27 MB used, 8104.27 MB total
[2015.05.20-23.19.36:267][  0]LogMemory: Virtual Memory: 293.82 MB used, 134217728.00 MB total
[2015.05.20-23.19.36:308][  0]LogD3D11RHI: Found D3D11 adapter 0: NVIDIA GeForce GTX 860M   (Feature Level 11_0)
[2015.05.20-23.19.36:308][  0]LogD3D11RHI: Adapter has 1972MB of dedicated video memory, 0MB of dedicated system memory, and 2048MB of shared system memory, 1 output[s]
[2015.05.20-23.19.36:314][  0]LogD3D11RHI: Found D3D11 adapter 1: Intel(R) HD Graphics 4600 (Feature Level 11_0)
[2015.05.20-23.19.36:314][  0]LogD3D11RHI: Adapter has 0MB of dedicated video memory, 0MB of dedicated system memory, and 1792MB of shared system memory, 0 output[s]
[2015.05.20-23.19.36:315][  0]LogD3D11RHI: Found D3D11 adapter 2: Microsoft Basic Render Driver (Feature Level 11_0)
[2015.05.20-23.19.36:315][  0]LogD3D11RHI: Adapter has 0MB of dedicated video memory, 0MB of dedicated system memory, and 256MB of shared system memory, 0 output[s]
[2015.05.20-23.19.36:315][  0]LogD3D11RHI: Chosen D3D11 Adapter Id = 0
[2015.05.20-23.19.36:320][  0]LogRHI: Texture pool is 1361 MB (70% of 1945 MB)
[2015.05.20-23.19.36:333][  0]LogD3D11RHI: Async texture creation enabled
[2015.05.20-23.19.36:400][  0]LogTextLocalizationManager: The requested culture ('en_US') has no localization data; parent culture's ('en') localization data will be used.
[2015.05.20-23.19.36:472][  0]LogTextLocalizationManager:Warning: Loading localization resources contain conflicting entries for (Namespace:UICommands, Key:Save_ToolTip):
Resource: (C:/Program Files/Epic Games/4.7/Engine/Content/Localization/Editor/en/Editor.locres) Hash: (-29098895) String: (Saves the current level to disk)
Resource: (C:/Program Files/Epic Games/4.7/Engine/Content/Localization/Engine/en/Engine.locres) Hash: (-1280300587) String: (Save selected data to vlog file)
[2015.05.20-23.19.36:472][  0]LogTextLocalizationManager:Warning: Loading localization resources contain conflicting entries for (Namespace:ContentBrowser, Key:ImportAssetToolTip):
Resource: (C:/Program Files/Epic Games/4.7/Engine/Content/Localization/Editor/en/Editor.locres) Hash: (-630476809) String: (Import to {0}...)
Resource: (C:/Program Files/Epic Games/4.7/Engine/Content/Localization/Editor/en/Editor.locres) Hash: (1271782899) String: (Imports an asset from file to this folder.)
[2015.05.20-23.19.36:566][  0]LogContentStreaming: Texture pool size is 0.000000MB
[2015.05.20-23.19.39:423][  0]LogTargetPlatformManager:Display: Building Assets For Windows
[2015.05.20-23.19.40:122][  0]LogTargetPlatformManager:Display: Building Assets For Windows
[2015.05.20-23.19.40:208][  0]LogDerivedDataCache:Display: Max Cache Size: 512 MB
[2015.05.20-23.19.40:253][  0]LogDerivedDataCache: Loaded boot cache 0.05s 39MB C:/Users/Carah/AppData/Local/UnrealEngine/4.7/DerivedDataCache/Boot.ddc.
[2015.05.20-23.19.40:254][  0]LogDerivedDataCache:Display: Loaded Boot cache: C:/Users/Carah/AppData/Local/UnrealEngine/4.7/DerivedDataCache/Boot.ddc
[2015.05.20-23.19.40:254][  0]LogDerivedDataCache: FDerivedDataBackendGraph:  Pak pak cache file ../../../../../../Users/Carah/Documents/Unreal Projects/BeachDay/DerivedDataCache/DDC.ddp not found, will not use a pak cache.
[2015.05.20-23.19.40:254][  0]LogDerivedDataCache: Unable to find inner node Pak for hierarchical cache Hierarchy.
[2015.05.20-23.19.40:396][  0]LogDerivedDataCache:Display: Pak cache opened for reading ../../../Engine/DerivedDataCache/Compressed.ddp.
[2015.05.20-23.19.40:411][  0]LogDerivedDataCache: Using Local data cache path C:/Users/Carah/AppData/Local/UnrealEngine/Common/DerivedDataCache: Writable
[2015.05.20-23.19.41:018][  0]LogMeshUtilities: No automatic mesh reduction module available
[2015.05.20-23.19.41:018][  0]LogMeshUtilities: No automatic mesh merging module available
[2015.05.20-23.19.41:551][  0]LogInit: WinSock: version 1.1 (2.2), MaxSocks=32767, MaxUdp=65467
[2015.05.20-23.19.41:667][  0]LogSlate:Warning: Failed to load font data from '../../../Engine/Content/Slate/Fonts/Roboto-Italic.ttf'
[2015.05.20-23.19.43:006][  0]UdpMessaging: Initializing bridge on interface 0.0.0.0:0 to multicast group 230.0.0.1:6666.
[2015.05.20-23.19.43:285][  0]SourceControl: Info Source control is disabled
[2015.05.20-23.19.43:285][  0]SourceControl: Info Source control is disabled
[2015.05.20-23.19.43:285][  0]SourceControl: Info Source control is disabled
[2015.05.20-23.19.43:285][  0]LogSourceControl: RunCommandInternalRaw: 'git version'
[2015.05.20-23.19.43:285][  0]LogSourceControl: RunCommandInternalRaw: ExecProcess ReturnCode=2 OutResults=''
[2015.05.20-23.19.43:298][  0]SourceControl: Info Source control is disabled
[2015.05.20-23.19.43:573][  0]LogObj: 24232 objects as part of root set at end of initial load.
[2015.05.20-23.19.43:573][  0]LogUObjectAllocator: 5137176 out of 0 bytes used by permanent object pool.
[2015.05.20-23.19.43:675][  0]LogEngine: Initializing Engine...
[2015.05.20-23.19.46:857][  0]LogInit: XAudio2 using 'Speakers (Realtek High Definition Audio)' : 2 channels at 48 kHz using 32 bits per sample (channel mask 0x3)
[2015.05.20-23.19.46:883][  0]LogInit: FAudioDevice initialized.
[2015.05.20-23.19.46:937][  0]LogAIModule: Creating AISystem for world NewWorld
[2015.05.20-23.19.46:963][  0]LogDerivedDataCache: Saved boot cache 0.02s 39MB C:/Users/Carah/AppData/Local/UnrealEngine/4.7/DerivedDataCache/Boot.ddc.
[2015.05.20-23.19.46:966][  0]LogInit: Texture streaming: Enabled
[2015.05.20-23.19.47:084][  0]LogAnalytics: Creating configured Analytics provider AnalyticsET
[2015.05.20-23.19.47:084][  0]LogAnalytics: ET APIKey = Rocket.Release. APIServer = http://et2.epicgames.com/ET2/. AppVersion = 4.7.6-2513093+++depot+UE4-Releases+4.7
[2015.05.20-23.19.47:084][  0]LogAnalytics: ET APIKey = Rocket.Release. DataRouterUploadURL = https://datarouter-public-service-gamedev.ol.epicgames.net/datarouter/api/v1/public/data. AppVersion = 4.7.6-2513093+++depot+UE4-Releases+4.7
[2015.05.20-23.19.47:084][  0]LogAnalytics: SetUserId 27d513b8430f3a64b5bbf48204510212|871743be8dc147e2bc510dfc1f536030|d9d1ab9a-12ca-4b43-b34a-a339b986ac60
[2015.05.20-23.19.47:084][  0]LogAnalytics: AnalyticsET::StartSession [Rocket.Release]
[2015.05.20-23.19.47:119][  0]LogInit: Transaction tracking system initialized
[2015.05.20-23.19.47:366][  0]BlueprintLog: New page: Editor Load
[2015.05.20-23.19.47:412][  0]LogAssetRegistry: FAssetRegistry took 0.0106 seconds to start up
[2015.05.20-23.19.47:412][  0]LogDirectoryWatcher:Warning: Failed to begin reading directory changes for ../../../Engine/Plugins/Experimental/CharacterAI/Content/. Error: 0
[2015.05.20-23.19.48:160][  0]LogTargetPlatformManager:Display: Building Assets For Windows
[2015.05.20-23.19.48:648][  0]LogTargetPlatformManager:Display: Building Assets For Windows
[2015.05.20-23.19.49:040][  0]LogSlate:Warning: Failed to load font data from '../../../Engine/Content/Editor/Slate/Fonts/Roboto-Regular.ttf'
[2015.05.20-23.19.49:040][  0]LogSlate:Warning: Failed to load font data from '../../../Engine/Content/Editor/Slate/Fonts/Roboto-Bold.ttf'
[2015.05.20-23.19.49:050][  0]LogConsoleResponse:Display: 
[2015.05.20-23.19.49:276][  0]LogCook:Display: Done creating registry. It took  0.00s.
[2015.05.20-23.19.49:487][  0]SourceControl: Info Source control is disabled
[2015.05.20-23.19.49:488][  0]Cmd: MAP LOAD FILE="../../../../../../Users/Carah/Documents/Unreal Projects/BeachDay/Content/StarterContent/Maps/Minimal_Default.umap" TEMPLATE=0 SHOWPROGRESS=1 FEATURELEVEL=3
[2015.05.20-23.19.49:529][  0]LightingResults: New page: Lighting Build
[2015.05.20-23.19.49:547][  0]MapCheck: New page: Map Check
[2015.05.20-23.19.49:547][  0]LightingResults: New page: Lighting Build
[2015.05.20-23.19.49:555][  0]LogParticles: Destroying 0 GPU particle simulations for FXSystem 0x00000004D128CD60
[2015.05.20-23.19.52:091][  0]LogEditorServer: Finished looking for orphan Actors (0.000 secs)
[2015.05.20-23.19.52:114][  0]LogAIModule: Creating AISystem for world Minimal_Default
[2015.05.20-23.19.52:115][  0]Cmd: MAP CHECKDEP
[2015.05.20-23.19.52:115][  0]MapCheck: New page: Minimal_Default - May 20, 2015, 9:19:52 AM
[2015.05.20-23.19.52:263][  0]MapCheck: Info Map check complete: 0 Error(s), 0 Warning(s), took 148.488ms to complete.
[2015.05.20-23.19.52:263][  0]LogFileHelpers: Loading map 'Minimal_Default' took 2.776
[2015.05.20-23.19.52:388][  0]LogCollectionManager: Loaded 0 collections in 0.002176 seconds
[2015.05.20-23.19.52:400][  0]LogContentBrowser: Native class hierarchy populated in 0.0119 seconds. Added 1696 classes and 261 folders.
[2015.05.20-23.19.52:500][  0]LogContentBrowser: Native class hierarchy updated for 'SceneOutliner' in 0.0028 seconds. Added 1 classes and 2 folders.
[2015.05.20-23.19.52:567][  0]LogCrashTracker: Crashtracker disabled due to settings.
[2015.05.20-23.19.52:569][  0]LogSlate:Warning: Failed to load font data from 'Veranda'
[2015.05.20-23.19.52:576][  0]LogUObjectGlobals:Warning: Failed to find object 'Class None.'
[2015.05.20-23.19.52:614][  0]LogLoad: Full Startup: 19.02 seconds (BP compile: 0.10 seconds)
[2015.05.20-23.19.52:654][  0]LogContentBrowser:Verbose: The content browser source was changed by the sources view to '/Game/MyBot'
[2015.05.20-23.19.52:806][  0]LogRenderer:Warning: Reallocating scene render targets to support 32x32 (Frame:2).
[2015.05.20-23.19.53:015][  0]LogRenderer:Warning: Reallocating scene render targets to support 832x712 (Frame:3).
[2015.05.20-23.19.53:770][  6]LogAssetRegistry: Asset discovery search completed in 6.3694 seconds
[2015.05.20-23.19.58:500][222]LogContentBrowser: Native class hierarchy updated for 'PhAT' in 0.0044 seconds. Added 1 classes and 2 folders.
[2015.05.20-23.19.59:118][222]LogSkeletalMesh: InitArticulated: Bodies already created (/Engine/Transient.DebugSkelMeshComponent_0) - call TermArticulated first.
[2015.05.20-23.19.59:266][222]LogActorComponent: RegisterComponentWithWorld: (/Engine/Transient.DebugSkelMeshComponent_0) Already registered. Aborting.
[2015.05.20-23.19.59:342][222]LogLinker:Warning: Asset '../../../Engine/Content/Tutorial/SubEditors/PersonaAnimEditorTutorial.uasset' has been saved with empty engine version. The asset will be loaded but may be incompatible.
[2015.05.20-23.20.25:143][695]Cmd: MAP LOAD FILE="../../../../../../Users/Carah/Documents/Unreal Projects/BeachDay/Content/Beach.umap" TEMPLATE=0 SHOWPROGRESS=1 FEATURELEVEL=3
[2015.05.20-23.20.25:223][695]LightingResults: New page: Lighting Build
[2015.05.20-23.20.25:289][695]LoadErrors: New page: Loading map: Beach.umap
[2015.05.20-23.20.25:290][695]MapCheck: New page: Map Check
[2015.05.20-23.20.25:290][695]LightingResults: New page: Lighting Build
[2015.05.20-23.20.25:301][695]LogParticles: Destroying 0 GPU particle simulations for FXSystem 0x00000004CB732200
[2015.05.20-23.20.29:169][695]LogEditorServer: Finished looking for orphan Actors (0.000 secs)
[2015.05.20-23.20.29:187][695]LogAIModule: Creating AISystem for world Beach
[2015.05.20-23.20.29:221][695]Cmd: MAP CHECKDEP
[2015.05.20-23.20.29:221][695]MapCheck: New page: Beach - May 20, 2015, 9:20:29 AM
[2015.05.20-23.20.29:402][695]MapCheck: Info Map check complete: 0 Error(s), 0 Warning(s), took 180.801ms to complete.
[2015.05.20-23.20.29:402][695]LogFileHelpers: Loading map 'Beach' took 4.261
[2015.05.20-23.20.29:423][696]Cmd: UpdateLandscapeEditorData -warnings
[2015.05.20-23.20.29:432][696]Cmd: UpdateLandscapeEditorData
[2015.05.20-23.21.11:570][989]LogContentBrowser:Verbose: The content browser source was changed by the sources view to '/Game/Blueprints'
[2015.05.20-23.21.38:378][563]LogBlueprint:Warning: [compiler] Warning InputAction Event references unknown Action 'Interact' for  InputAction Interact 
[2015.05.20-23.21.38:378][563]LogBlueprint:Warning: [compiler] Warning InputAction Event references unknown Action 'Jump' for  InputAction Jump 
[2015.05.20-23.21.38:379][563]LogBlueprint:Warning: [compiler] Warning Input Axis Event references unknown Axis 'LookUp' for  InputAxis LookUp 
[2015.05.20-23.21.38:381][563]LogBlueprint:Warning: [compiler] Warning Input Axis Event references unknown Axis 'LookUpRate' for  InputAxis LookUpRate 
[2015.05.20-23.21.38:384][563]LogBlueprint:Warning: [compiler] Warning Input Axis Event references unknown Axis 'Turn' for  InputAxis Turn 
[2015.05.20-23.21.38:386][563]LogBlueprint:Warning: [compiler] Warning Input Axis Event references unknown Axis 'TurnRate' for  InputAxis TurnRate 
[2015.05.20-23.21.38:389][563]LogBlueprint:Warning: [compiler] Warning Input Axis Event references unknown Axis 'MoveRight' for  InputAxis MoveRight 
[2015.05.20-23.21.38:391][563]LogBlueprint:Warning: [compiler] Warning Input Axis Event references unknown Axis 'MoveForward' for  InputAxis MoveForward 
[2015.05.20-23.21.38:410][563]LogBlueprint:Warning: [compiler] Warning [0124.82] Compile of TemplateCharacter successful, but with 8 Warning(s) [in 109 ms]
[2015.05.20-23.21.38:410][563]LogBlueprint:Warning: [compiler] Warning [0124.82] Compile of TemplateCharacter successful, but with 9 Warning(s) [in 0 ms]
[2015.05.20-23.21.38:410][563]LogBlueprint:Warning: [compiler] Warning [0124.82] Compile of TemplateCharacter successful, but with 10 Warning(s) [in 0 ms]
[2015.05.20-23.21.38:411][563]LogBlueprint:Warning: [compiler] Warning [0124.82] Compile of TemplateCharacter successful, but with 11 Warning(s) [in 0 ms]
[2015.05.20-23.21.38:491][563]LogBlueprint:Warning: [compiler] Warning InputAction Event references unknown Action 'Interact' for  InputAction Interact 
[2015.05.20-23.21.38:491][563]LogBlueprint:Warning: [compiler] Warning InputAction Event references unknown Action 'Jump' for  InputAction Jump 
[2015.05.20-23.21.38:491][563]LogBlueprint:Warning: [compiler] Warning Input Axis Event references unknown Axis 'LookUp' for  InputAxis LookUp 
[2015.05.20-23.21.38:494][563]LogBlueprint:Warning: [compiler] Warning Input Axis Event references unknown Axis 'LookUpRate' for  InputAxis LookUpRate 
[2015.05.20-23.21.38:496][563]LogBlueprint:Warning: [compiler] Warning Input Axis Event references unknown Axis 'Turn' for  InputAxis Turn 
[2015.05.20-23.21.38:499][563]LogBlueprint:Warning: [compiler] Warning Input Axis Event references unknown Axis 'TurnRate' for  InputAxis TurnRate 
[2015.05.20-23.21.38:501][563]LogBlueprint:Warning: [compiler] Warning Input Axis Event references unknown Axis 'MoveRight' for  InputAxis MoveRight 
[2015.05.20-23.21.38:504][563]LogBlueprint:Warning: [compiler] Warning Input Axis Event references unknown Axis 'MoveForward' for  InputAxis MoveForward 
[2015.05.20-23.21.38:522][563]LogBlueprint:Warning: [compiler] Warning [0124.93] Compile of TemplateCharacter successful, but with 8 Warning(s) [in 109 ms]
[2015.05.20-23.21.38:522][563]LogBlueprint:Warning: [compiler] Warning [0124.93] Compile of TemplateCharacter successful, but with 9 Warning(s) [in 0 ms]
[2015.05.20-23.21.38:853][563]LogBlueprint:Warning: [compiler] Warning InputAction Event references unknown Action 'Interact' for  InputAction Interact 
[2015.05.20-23.21.38:853][563]LogBlueprint:Warning: [compiler] Warning InputAction Event references unknown Action 'Jump' for  InputAction Jump 
[2015.05.20-23.21.38:854][563]LogBlueprint:Warning: [compiler] Warning Input Axis Event references unknown Axis 'LookUp' for  InputAxis LookUp 
[2015.05.20-23.21.38:855][563]LogBlueprint:Warning: [compiler] Warning Input Axis Event references unknown Axis 'LookUpRate' for  InputAxis LookUpRate 
[2015.05.20-23.21.38:856][563]LogBlueprint:Warning: [compiler] Warning Input Axis Event references unknown Axis 'Turn' for  InputAxis Turn 
[2015.05.20-23.21.38:858][563]LogBlueprint:Warning: [compiler] Warning Input Axis Event references unknown Axis 'TurnRate' for  InputAxis TurnRate 
[2015.05.20-23.21.38:859][563]LogBlueprint:Warning: [compiler] Warning Input Axis Event references unknown Axis 'MoveRight' for  InputAxis MoveRight 
[2015.05.20-23.21.38:860][563]LogBlueprint:Warning: [compiler] Warning Input Axis Event references unknown Axis 'MoveForward' for  InputAxis MoveForward 
[2015.05.20-23.21.38:874][563]LogBlueprint:Warning: [compiler] Warning [0125.28] Compile of BP_MyBot successful, but with 8 Warning(s) [in 68 ms]
[2015.05.20-23.21.38:874][563]LogBlueprint:Warning: [compiler] Warning [0125.28] Compile of BP_MyBot successful, but with 9 Warning(s) [in 0 ms]
[2015.05.20-23.21.38:937][563]LogBlueprint:Warning: [compiler] Warning [0125.34] Compile of BP_MyBot successful, but with 10 Warning(s) [in 62 ms]
[2015.05.20-23.21.38:955][563]LogBlueprint:Warning: [compiler] Warning [0125.36] Compile of BP_MyBot successful, but with 11 Warning(s) [in 17 ms]
[2015.05.20-23.21.38:955][563]LogBlueprint:Warning: [compiler] Warning [0125.36] Compile of BP_MyBot successful, but with 12 Warning(s) [in 0 ms]
[2015.05.20-23.21.38:955][563]LogBlueprint:Warning: [compiler] Warning [0125.36] Compile of BP_MyBot successful, but with 13 Warning(s) [in 0 ms]
[2015.05.20-23.21.38:955][563]LogBlueprint:Warning: [compiler] Warning [0125.36] Compile of BP_MyBot successful, but with 14 Warning(s) [in 0 ms]
[2015.05.20-23.21.38:955][563]LogMetaData: Removing '/Game/Blueprints/BP_MyBot.BP_MyBot_C' ref from Metadata '/Game/Blueprints/TemplateCharacter.PackageMetaData'
[2015.05.20-23.21.38:955][563]LogMetaData: Removing '/Game/Blueprints/BP_MyBot.SKEL_BP_MyBot_C' ref from Metadata '/Game/Blueprints/TemplateCharacter.PackageMetaData'
[2015.05.20-23.21.39:052][563]Cmd: OBJ SAVEPACKAGE PACKAGE="/Game/Blueprints/BP_MyBot" FILE="../../../../../../Users/Carah/Documents/Unreal Projects/BeachDay/Content/Blueprints/BP_MyBot.uasset" SILENT=true
[2015.05.20-23.21.39:219][563]LogSavePackage: Save=162.510666ms
[2015.05.20-23.21.39:219][563]LogSavePackage: Moving '../../../../../../Users/Carah/Documents/Unreal Projects/BeachDay/Saved/BP_MyBot073B40E247A8EB745441E99E03DE8D48.tmp' to '../../../../../../Users/Carah/Documents/Unreal Projects/BeachDay/Content/Blueprints/BP_MyBot.uasset'
[2015.05.20-23.30.36:747][880]Cmd: OBJ SAVEPACKAGE PACKAGE="/Game/Beach" FILE="../../../../../../Users/Carah/Documents/Unreal Projects/BeachDay/Saved/Autosaves/Game/Beach_Auto1.umap" SILENT=true AUTOSAVING=true KEEPDIRTY=false
[2015.05.20-23.30.36:901][880]LogSavePackage: Save=135.153275ms
[2015.05.20-23.30.36:901][880]LogSavePackage: Moving '../../../../../../Users/Carah/Documents/Unreal Projects/BeachDay/Saved/Beach_Auto1D8C0DC4D46E70E8F4EBE979242B029A6.tmp' to '../../../../../../Users/Carah/Documents/Unreal Projects/BeachDay/Saved/Autosaves/Game/Beach_Auto1.umap'
[2015.05.20-23.30.36:921][880]LogFileHelpers: Editor autosave (incl. sublevels) for '/Game/Beach' took 0.418
[2015.05.20-23.30.36:922][880]LogFileHelpers: Editor autosave (incl. sublevels) for all levels took 0.418
[2015.05.20-23.33.20:897][ 90]LogContentBrowser:Verbose: The content browser source was changed by the sources view to '/Game/Blueprints'
[2015.05.20-23.33.50:105][743]LogMetaData: Removing '/Game/Blueprints/BotGameMode.BotGameMode:UserConstructionScript.K2Node_FunctionEntry_80' ref from Metadata '/Game/Blueprints/NewBlueprint.PackageMetaData'
[2015.05.20-23.33.50:105][743]LogMetaData: Removing '/Game/Blueprints/BotGameMode.BotGameMode:EventGraph.K2Node_Event_123' ref from Metadata '/Game/Blueprints/NewBlueprint.PackageMetaData'
[2015.05.20-23.33.50:105][743]LogMetaData: Removing '/Game/Blueprints/BotGameMode.SKEL_BotGameMode_C' ref from Metadata '/Game/Blueprints/NewBlueprint.PackageMetaData'
[2015.05.20-23.33.50:105][743]LogMetaData: Removing '/Game/Blueprints/BotGameMode.BotGameMode_C' ref from Metadata '/Game/Blueprints/NewBlueprint.PackageMetaData'
[2015.05.20-23.33.50:105][743]LogMetaData: Removing '/Game/Blueprints/BotGameMode.BotGameMode:EventGraph.K2Node_Event_122' ref from Metadata '/Game/Blueprints/NewBlueprint.PackageMetaData'
[2015.05.20-23.33.50:198][743]Cmd: OBJ SAVEPACKAGE PACKAGE="/Game/Blueprints/BotGameMode" FILE="../../../../../../Users/Carah/Documents/Unreal Projects/BeachDay/Content/Blueprints/BotGameMode.uasset" SILENT=true
[2015.05.20-23.33.50:223][743]LogSavePackage: Save=20.942589ms
[2015.05.20-23.33.50:223][743]LogSavePackage: Moving '../../../../../../Users/Carah/Documents/Unreal Projects/BeachDay/Saved/BotGameMode42F368E347EB2F4FB1F86F88AEE38F0A.tmp' to '../../../../../../Users/Carah/Documents/Unreal Projects/BeachDay/Content/Blueprints/BotGameMode.uasset'
[2015.05.20-23.34.17:824][362]LogSlate:Warning: Prevented a slow task dialog from being summoned while a context menu was open
[2015.05.20-23.34.26:668][853]BlueprintLog: New page: Compile BP_MyBot
[2015.05.20-23.34.26:861][853]BlueprintEditorCompileResults: Info [0893.27] Compile of BP_MyBot successful! [in 192 ms]
[2015.05.20-23.34.30:383][ 61]BlueprintLog: New page: Compile BotGameMode
[2015.05.20-23.34.30:456][ 61]BlueprintEditorCompileResults: Info [0896.86] Compile of BotGameMode successful! [in 73 ms]
[2015.05.20-23.34.42:788][781]LogSlate:Warning: Prevented a slow task dialog from being summoned while a context menu was open
[2015.05.20-23.34.44:098][852]Cmd: UpdateLandscapeSetup
[2015.05.20-23.40.37:530][465]Cmd: OBJ SAVEPACKAGE PACKAGE="/Game/Beach" FILE="../../../../../../Users/Carah/Documents/Unreal Projects/BeachDay/Saved/Autosaves/Game/Beach_Auto2.umap" SILENT=true AUTOSAVING=true KEEPDIRTY=false
[2015.05.20-23.40.37:683][465]LogSavePackage: Save=131.365555ms
[2015.05.20-23.40.37:683][465]LogSavePackage: Moving '../../../../../../Users/Carah/Documents/Unreal Projects/BeachDay/Saved/Beach_Auto21891AE1E4D776122000E2397239A3736.tmp' to '../../../../../../Users/Carah/Documents/Unreal Projects/BeachDay/Saved/Autosaves/Game/Beach_Auto2.umap'
[2015.05.20-23.40.37:708][465]LogFileHelpers: Editor autosave (incl. sublevels) for '/Game/Beach' took 0.307
[2015.05.20-23.40.37:708][465]LogFileHelpers: Editor autosave (incl. sublevels) for all levels took 0.307
[2015.05.20-23.40.37:747][465]OBJ SavePackage: Generating thumbnails for [1] asset(s) in package [/Game/Blueprints/BP_MyBot] ([1] browsable assets)...
[2015.05.20-23.40.37:810][465]OBJ SavePackage:     Rendered thumbnail for [Blueprint /Game/Blueprints/BP_MyBot.BP_MyBot]
[2015.05.20-23.40.37:810][465]OBJ SavePackage: Finished generating thumbnails for package [/Game/Blueprints/BP_MyBot]
[2015.05.20-23.40.38:665][465]LogSavePackage: Save=832.483215ms
[2015.05.20-23.40.38:684][465]LogSavePackage: Moving '../../../../../../Users/Carah/Documents/Unreal Projects/BeachDay/Saved/BP_MyBot_Auto25B4B5F0A41E7A0CFDA2C22A256F990F6.tmp' to '../../../../../../Users/Carah/Documents/Unreal Projects/BeachDay/Saved/Autosaves/Game/Blueprints/BP_MyBot_Auto2.uasset'
[2015.05.20-23.40.38:822][465]LogSavePackage: Save=110.267731ms
[2015.05.20-23.40.38:823][465]LogSavePackage: Moving '../../../../../../Users/Carah/Documents/Unreal Projects/BeachDay/Saved/NewBlueprint_Auto2F03352C24330984DABA24EA14E5E4276.tmp' to '../../../../../../Users/Carah/Documents/Unreal Projects/BeachDay/Saved/Autosaves/Game/Blueprints/NewBlueprint_Auto2.uasset'
[2015.05.20-23.40.38:881][465]OBJ SavePackage: Generating thumbnails for [0] asset(s) in package [/Game/Blueprints/BotGameMode] ([1] browsable assets)...
[2015.05.20-23.40.38:881][465]OBJ SavePackage: Finished generating thumbnails for package [/Game/Blueprints/BotGameMode]
[2015.05.20-23.40.39:071][465]LogSavePackage: Save=126.515121ms
[2015.05.20-23.40.39:072][465]LogSavePackage: Moving '../../../../../../Users/Carah/Documents/Unreal Projects/BeachDay/Saved/BotGameMode_Auto2B59D59DE4CF47546970EB6973F1BB742.tmp' to '../../../../../../Users/Carah/Documents/Unreal Projects/BeachDay/Saved/Autosaves/Game/Blueprints/BotGameMode_Auto2.uasset'
[2015.05.20-23.40.39:135][465]LogFileHelpers: Auto-saving content packages took 1.428
[2015.05.20-23.41.41:753][165]LogActorComponent: UnregisterComponent: (/Engine/Transient.CharMoveComp) Not registered. Aborting.
[2015.05.20-23.44.10:304][716]LogContentBrowser:Verbose: The content browser source was changed by the sources view to '/Game/MyBot'
[2015.05.20-23.45.09:328][319]LogContentBrowser:Verbose: The content browser source was changed by the sources view to '/Game/MyBot'
[2015.05.20-23.45.30:267][238]LogContentBrowser:Verbose: The content browser source was changed by the sources view to '/Game/Blueprints'
[2015.05.20-23.45.59:607][812]LogActorComponent: UnregisterComponent: (/Engine/Transient.CharacterMovementComponent_0) Not registered. Aborting.
[2015.05.20-23.46.16:871][758]LogContentBrowser:Verbose: The content browser source was changed by the sources view to '/Game/MyBot'
[2015.05.20-23.46.29:710][196]LogContentBrowser:Verbose: The content browser source was changed by the sources view to '/Game/MyBot'
[2015.05.20-23.46.55:343][487]LogContentBrowser:Verbose: The majority of assets in the view are of type: AnimSequence
[2015.05.20-23.49.33:618][830]LogActorComponent: UnregisterComponent: (/Engine/Transient.CharacterMovementComponent_1) Not registered. Aborting.
[2015.05.20-23.49.33:919][830]Cmd: OBJ SAVEPACKAGE PACKAGE="/Game/Beach" FILE="../../../../../../Users/Carah/Documents/Unreal Projects/BeachDay/Content/Beach.umap" SILENT=true AUTOSAVING=false KEEPDIRTY=false
[2015.05.20-23.49.34:097][830]LogSavePackage: Save=126.636147ms
[2015.05.20-23.49.34:097][830]LogSavePackage: Moving '../../../../../../Users/Carah/Documents/Unreal Projects/BeachDay/Saved/Beach22509DD644C61501BF899CB6934B2B1C.tmp' to '../../../../../../Users/Carah/Documents/Unreal Projects/BeachDay/Content/Beach.umap'
[2015.05.20-23.49.34:156][830]LogFileHelpers: Saving map 'Beach' took 0.433
[2015.05.20-23.49.34:180][830]Cmd: OBJ SAVEPACKAGE PACKAGE="/Game/Blueprints/BP_MyBot" FILE="../../../../../../Users/Carah/Documents/Unreal Projects/BeachDay/Content/Blueprints/BP_MyBot.uasset" SILENT=true
[2015.05.20-23.49.34:846][830]LogSavePackage: Save=647.581116ms
[2015.05.20-23.49.34:846][830]LogSavePackage: Moving '../../../../../../Users/Carah/Documents/Unreal Projects/BeachDay/Saved/BP_MyBotEC8D3B8148AABD01E9B7119CCB07EDF6.tmp' to '../../../../../../Users/Carah/Documents/Unreal Projects/BeachDay/Content/Blueprints/BP_MyBot.uasset'
[2015.05.20-23.49.34:868][830]Cmd: OBJ SAVEPACKAGE PACKAGE="/Game/Blueprints/NewBlueprint" FILE="../../../../../../Users/Carah/Documents/Unreal Projects/BeachDay/Content/Blueprints/NewBlueprint.uasset" SILENT=true
[2015.05.20-23.49.34:879][830]LogSavePackage: Save=5.204963ms
[2015.05.20-23.49.34:879][830]LogSavePackage: Moving '../../../../../../Users/Carah/Documents/Unreal Projects/BeachDay/Saved/NewBlueprintAFC66FD4420EB1A8145E45852A662D0A.tmp' to '../../../../../../Users/Carah/Documents/Unreal Projects/BeachDay/Content/Blueprints/NewBlueprint.uasset'
[2015.05.20-23.49.34:902][830]Cmd: OBJ SAVEPACKAGE PACKAGE="/Game/Blueprints/BotGameMode" FILE="../../../../../../Users/Carah/Documents/Unreal Projects/BeachDay/Content/Blueprints/BotGameMode.uasset" SILENT=true
[2015.05.20-23.49.34:939][830]LogSavePackage: Save=18.089718ms
[2015.05.20-23.49.34:939][830]LogSavePackage: Moving '../../../../../../Users/Carah/Documents/Unreal Projects/BeachDay/Saved/BotGameModeBE161DBE4F281E6D3D2C319DCA435418.tmp' to '../../../../../../Users/Carah/Documents/Unreal Projects/BeachDay/Content/Blueprints/BotGameMode.uasset'
[2015.05.20-23.49.34:976][830]Cmd: OBJ SAVEPACKAGE PACKAGE="/Game/MyBot/ABP_MyBot" FILE="../../../../../../Users/Carah/Documents/Unreal Projects/BeachDay/Content/MyBot/ABP_MyBot.uasset" SILENT=true
[2015.05.20-23.49.35:443][830]LogSavePackage: Save=462.332123ms
[2015.05.20-23.49.35:443][830]LogSavePackage: Moving '../../../../../../Users/Carah/Documents/Unreal Projects/BeachDay/Saved/ABP_MyBot40A44A9F41774257C37069AD6052C36F.tmp' to '../../../../../../Users/Carah/Documents/Unreal Projects/BeachDay/Content/MyBot/ABP_MyBot.uasset'
[2015.05.20-23.49.35:477][830]Cmd: OBJ SAVEPACKAGE PACKAGE="/Game/MyBot/MyBot_IdleMove" FILE="../../../../../../Users/Carah/Documents/Unreal Projects/BeachDay/Content/MyBot/MyBot_IdleMove.uasset" SILENT=true
[2015.05.20-23.49.35:933][830]LogSavePackage: Save=452.261749ms
[2015.05.20-23.49.35:933][830]LogSavePackage: Moving '../../../../../../Users/Carah/Documents/Unreal Projects/BeachDay/Saved/MyBot_IdleMove9852D4B44249F7A666CECA88A23FF585.tmp' to '../../../../../../Users/Carah/Documents/Unreal Projects/BeachDay/Content/MyBot/MyBot_IdleMove.uasset'
[2015.05.20-23.50.43:819][676]LogSkeletalMesh: InitArticulated: Bodies already created (/Engine/Transient.DebugSkelMeshComponent_2) - call TermArticulated first.
[2015.05.20-23.50.43:933][676]LogUObjectGlobals:Warning: Failed to find object 'Object /Engine/Tutorial/SubEditors/PersonaAnimEditorTutorial.PersonaAnimEditorTutorial_C'
[2015.05.20-23.50.48:301][926]LogActorComponent: UnregisterComponent: (/Engine/Transient.CharMoveComp) Not registered. Aborting.
[2015.05.20-23.52.39:707][405]LogContentBrowser:Verbose: The majority of assets in the view are of type: AnimSequence
[2015.05.20-23.56.40:337][441]Cmd: OBJ SAVEPACKAGE PACKAGE="/Game/MyBot/ABP_MyBot" FILE="../../../../../../Users/Carah/Documents/Unreal Projects/BeachDay/Content/MyBot/ABP_MyBot.uasset" SILENT=true
[2015.05.20-23.56.40:893][441]LogSavePackage: Save=493.625610ms
[2015.05.20-23.56.40:893][441]LogSavePackage: Moving '../../../../../../Users/Carah/Documents/Unreal Projects/BeachDay/Saved/ABP_MyBotF5EF453743E5AB7FC9364CBF0B328CF1.tmp' to '../../../../../../Users/Carah/Documents/Unreal Projects/BeachDay/Content/MyBot/ABP_MyBot.uasset'
[2015.05.20-23.56.40:912][441]Cmd: OBJ SAVEPACKAGE PACKAGE="/Game/MyBot/MyBot_IdleMove" FILE="../../../../../../Users/Carah/Documents/Unreal Projects/BeachDay/Content/MyBot/MyBot_IdleMove.uasset" SILENT=true
[2015.05.20-23.56.40:937][441]LogSavePackage: Save=6.565327ms
[2015.05.20-23.56.40:938][441]LogSavePackage: Moving '../../../../../../Users/Carah/Documents/Unreal Projects/BeachDay/Saved/MyBot_IdleMove20370C024B86F11299ED1688AD962461.tmp' to '../../../../../../Users/Carah/Documents/Unreal Projects/BeachDay/Content/MyBot/MyBot_IdleMove.uasset'
[2015.05.20-23.56.49:611][938]Cmd: OBJ SAVEPACKAGE PACKAGE="/Game/MyBot/ABP_MyBot" FILE="../../../../../../Users/Carah/Documents/Unreal Projects/BeachDay/Content/MyBot/ABP_MyBot.uasset" SILENT=true
[2015.05.20-23.56.50:110][938]LogSavePackage: Save=485.063141ms
[2015.05.20-23.56.50:110][938]LogSavePackage: Moving '../../../../../../Users/Carah/Documents/Unreal Projects/BeachDay/Saved/ABP_MyBot86476F004C07FCFFC6A4CBB17EB022AF.tmp' to '../../../../../../Users/Carah/Documents/Unreal Projects/BeachDay/Content/MyBot/ABP_MyBot.uasset'
[2015.05.20-23.56.51:961][ 46]BlueprintLog: New page: Compile ABP_MyBot
[2015.05.20-23.56.52:071][ 46]BlueprintEditorCompileResults: Info [2238.48] Compile of ABP_MyBot successful! [in 110 ms]
[2015.05.20-23.59.33:990][455]LogFileHelpers: Editor autosave (incl. sublevels) for '/Game/Beach' took 0.029
[2015.05.20-23.59.34:029][455]OBJ SavePackage: Generating thumbnails for [1] asset(s) in package [/Game/MyBot/ABP_MyBot] ([1] browsable assets)...
[2015.05.20-23.59.34:090][455]OBJ SavePackage:     Rendered thumbnail for [AnimBlueprint /Game/MyBot/ABP_MyBot.ABP_MyBot]
[2015.05.20-23.59.34:090][455]OBJ SavePackage: Finished generating thumbnails for package [/Game/MyBot/ABP_MyBot]
[2015.05.20-23.59.34:093][455]Cmd: OBJ SAVEPACKAGE PACKAGE="/Game/MyBot/ABP_MyBot" FILE="../../../../../../Users/Carah/Documents/Unreal Projects/BeachDay/Saved/Autosaves/Game/MyBot/ABP_MyBot_Auto3.uasset" SILENT=false AUTOSAVING=true
[2015.05.20-23.59.34:719][455]LogSavePackage: Save=609.390808ms
[2015.05.20-23.59.34:757][455]LogSavePackage: Moving '../../../../../../Users/Carah/Documents/Unreal Projects/BeachDay/Saved/ABP_MyBot_Auto3DBEA4CCE4599367065EACEB44D1FF077.tmp' to '../../../../../../Users/Carah/Documents/Unreal Projects/BeachDay/Saved/Autosaves/Game/MyBot/ABP_MyBot_Auto3.uasset'
[2015.05.20-23.59.34:810][455]LogFileHelpers: Auto-saving content packages took 0.820
[2015.05.21-00.06.14:967][644]Cmd: OBJ SAVEPACKAGE PACKAGE="/Game/MyBot/ABP_MyBot" FILE="../../../../../../Users/Carah/Documents/Unreal Projects/BeachDay/Content/MyBot/ABP_MyBot.uasset" SILENT=true
[2015.05.21-00.06.15:536][644]LogSavePackage: Save=548.222351ms
[2015.05.21-00.06.15:536][644]LogSavePackage: Moving '../../../../../../Users/Carah/Documents/Unreal Projects/BeachDay/Saved/ABP_MyBot635FC1FD482F033A362C6EBD1A6E8F26.tmp' to '../../../../../../Users/Carah/Documents/Unreal Projects/BeachDay/Content/MyBot/ABP_MyBot.uasset'
[2015.05.21-00.06.18:396][718]Cmd: OBJ SAVEPACKAGE PACKAGE="/Game/Beach" FILE="../../../../../../Users/Carah/Documents/Unreal Projects/BeachDay/Content/Beach.umap" SILENT=true AUTOSAVING=false KEEPDIRTY=false
[2015.05.21-00.06.18:609][718]LogSavePackage: Save=164.177658ms
[2015.05.21-00.06.18:609][718]LogSavePackage: Moving '../../../../../../Users/Carah/Documents/Unreal Projects/BeachDay/Saved/Beach6AF032604431E1C22DBB3A9181A9A23B.tmp' to '../../../../../../Users/Carah/Documents/Unreal Projects/BeachDay/Content/Beach.umap'
[2015.05.21-00.07.33:272][743]LogEditorViewport: Clicking on Actor (LMB): StaticMeshActor (Shape_Plane)
[2015.05.21-00.07.40:785][177]LogEditorViewport: Clicking on Actor (LMB): StaticMeshActor (Shape_Plane)
[2015.05.21-00.07.40:919][183]LogEditorViewport: Clicking on Component (LMB): StaticMeshComponent (StaticMeshComponent0)
[2015.05.21-00.07.46:651][522]LogEditorViewport: Clicking on Actor (LMB): PlayerStart (PlayerStart)
[2015.05.21-00.07.49:293][678]LogNavigationPoint: PostEditMove Clear paths rebuilt
[2015.05.21-00.07.52:490][867]LogNavigationPoint: PostEditMove Clear paths rebuilt
[2015.05.21-00.07.54:087][961]LogNavigationPoint: PostEditMove Clear paths rebuilt
[2015.05.21-00.07.56:447][100]LogNavigationPoint: PostEditMove Clear paths rebuilt
[2015.05.21-00.07.57:453][159]LogEditorViewport: Clicking on Actor (LMB): Landscape (Landscape)
[2015.05.21-00